<?xml version="1.0" encoding="UTF-8"?>
<testsuite xmlns:xsi="http://www.w3.org/2001/XMLSchema-instance" xsi:noNamespaceSchemaLocation="https://maven.apache.org/surefire/maven-surefire-plugin/xsd/surefire-test-report-3.0.xsd" version="3.0" name="TestRunner" time="33.975" tests="1" errors="0" skipped="0" failures="1">
  <properties>
    <property name="sun.desktop" value="windows"/>
    <property name="awt.toolkit" value="sun.awt.windows.WToolkit"/>
    <property name="file.encoding.pkg" value="sun.io"/>
    <property name="java.specification.version" value="1.8"/>
    <property name="webdriver.chrome.driver" value="C:\Users\ala12\.cache\selenium\chromedriver\win32\93.0.4577.63\chromedriver.exe"/>
    <property name="sun.cpu.isalist" value="amd64"/>
    <property name="sun.jnu.encoding" value="Cp1252"/>
    <property name="java.class.path" value="C:\Users\ala12\AutomationFramework\taltek\CucumberBDD2\target\test-classes;C:\Users\ala12\AutomationFramework\taltek\CucumberBDD2\target\classes;C:\Users\ala12\.m2\repository\org\seleniumhq\selenium\selenium-java\4.0.0-alpha-3\selenium-java-4.0.0-alpha-3.jar;C:\Users\ala12\.m2\repository\org\seleniumhq\selenium\selenium-api\4.0.0-alpha-3\selenium-api-4.0.0-alpha-3.jar;C:\Users\ala12\.m2\repository\org\seleniumhq\selenium\selenium-chrome-driver\4.0.0-alpha-3\selenium-chrome-driver-4.0.0-alpha-3.jar;C:\Users\ala12\.m2\repository\com\google\guava\guava\27.1-jre\guava-27.1-jre.jar;C:\Users\ala12\.m2\repository\com\google\guava\failureaccess\1.0.1\failureaccess-1.0.1.jar;C:\Users\ala12\.m2\repository\com\google\guava\listenablefuture\9999.0-empty-to-avoid-conflict-with-guava\listenablefuture-9999.0-empty-to-avoid-conflict-with-guava.jar;C:\Users\ala12\.m2\repository\com\google\code\findbugs\jsr305\3.0.2\jsr305-3.0.2.jar;C:\Users\ala12\.m2\repository\org\checkerframework\checker-qual\2.5.2\checker-qual-2.5.2.jar;C:\Users\ala12\.m2\repository\com\google\errorprone\error_prone_annotations\2.2.0\error_prone_annotations-2.2.0.jar;C:\Users\ala12\.m2\repository\com\google\j2objc\j2objc-annotations\1.1\j2objc-annotations-1.1.jar;C:\Users\ala12\.m2\repository\org\codehaus\mojo\animal-sniffer-annotations\1.17\animal-sniffer-annotations-1.17.jar;C:\Users\ala12\.m2\repository\org\seleniumhq\selenium\selenium-chromium-driver\4.0.0-alpha-3\selenium-chromium-driver-4.0.0-alpha-3.jar;C:\Users\ala12\.m2\repository\org\seleniumhq\selenium\selenium-devtools\4.0.0-alpha-3\selenium-devtools-4.0.0-alpha-3.jar;C:\Users\ala12\.m2\repository\org\seleniumhq\selenium\selenium-http\4.0.0-alpha-3\selenium-http-4.0.0-alpha-3.jar;C:\Users\ala12\.m2\repository\org\seleniumhq\selenium\selenium-json\4.0.0-alpha-3\selenium-json-4.0.0-alpha-3.jar;C:\Users\ala12\.m2\repository\org\seleniumhq\selenium\selenium-edge-driver\4.0.0-alpha-3\selenium-edge-driver-4.0.0-alpha-3.jar;C:\Users\ala12\.m2\repository\org\seleniumhq\selenium\selenium-edgehtml-driver\4.0.0-alpha-3\selenium-edgehtml-driver-4.0.0-alpha-3.jar;C:\Users\ala12\.m2\repository\org\seleniumhq\selenium\selenium-firefox-driver\4.0.0-alpha-3\selenium-firefox-driver-4.0.0-alpha-3.jar;C:\Users\ala12\.m2\repository\org\seleniumhq\selenium\selenium-firefox-xpi-driver\4.0.0-alpha-3\selenium-firefox-xpi-driver-4.0.0-alpha-3.jar;C:\Users\ala12\.m2\repository\org\seleniumhq\selenium\selenium-ie-driver\4.0.0-alpha-3\selenium-ie-driver-4.0.0-alpha-3.jar;C:\Users\ala12\.m2\repository\org\seleniumhq\selenium\selenium-opera-driver\4.0.0-alpha-3\selenium-opera-driver-4.0.0-alpha-3.jar;C:\Users\ala12\.m2\repository\org\seleniumhq\selenium\selenium-remote-driver\4.0.0-alpha-3\selenium-remote-driver-4.0.0-alpha-3.jar;C:\Users\ala12\.m2\repository\io\opentracing\opentracing-api\0.33.0\opentracing-api-0.33.0.jar;C:\Users\ala12\.m2\repository\net\bytebuddy\byte-buddy\1.9.12\byte-buddy-1.9.12.jar;C:\Users\ala12\.m2\repository\org\apache\commons\commons-exec\1.3\commons-exec-1.3.jar;C:\Users\ala12\.m2\repository\org\seleniumhq\selenium\selenium-safari-driver\4.0.0-alpha-3\selenium-safari-driver-4.0.0-alpha-3.jar;C:\Users\ala12\.m2\repository\org\seleniumhq\selenium\selenium-support\4.0.0-alpha-3\selenium-support-4.0.0-alpha-3.jar;C:\Users\ala12\.m2\repository\io\cucumber\cucumber-java\6.10.0\cucumber-java-6.10.0.jar;C:\Users\ala12\.m2\repository\io\cucumber\cucumber-core\6.10.0\cucumber-core-6.10.0.jar;C:\Users\ala12\.m2\repository\io\cucumber\cucumber-gherkin\6.10.0\cucumber-gherkin-6.10.0.jar;C:\Users\ala12\.m2\repository\io\cucumber\cucumber-gherkin-messages\6.10.0\cucumber-gherkin-messages-6.10.0.jar;C:\Users\ala12\.m2\repository\io\cucumber\messages\14.0.1\messages-14.0.1.jar;C:\Users\ala12\.m2\repository\io\cucumber\tag-expressions\3.0.0\tag-expressions-3.0.0.jar;C:\Users\ala12\.m2\repository\io\cucumber\cucumber-expressions\10.3.0\cucumber-expressions-10.3.0.jar;C:\Users\ala12\.m2\repository\io\cucumber\datatable\3.5.0\datatable-3.5.0.jar;C:\Users\ala12\.m2\repository\io\cucumber\cucumber-plugin\6.10.0\cucumber-plugin-6.10.0.jar;C:\Users\ala12\.m2\repository\io\cucumber\docstring\6.10.0\docstring-6.10.0.jar;C:\Users\ala12\.m2\repository\io\cucumber\html-formatter\12.0.0\html-formatter-12.0.0.jar;C:\Users\ala12\.m2\repository\io\cucumber\create-meta\3.0.0\create-meta-3.0.0.jar;C:\Users\ala12\.m2\repository\org\apiguardian\apiguardian-api\1.1.1\apiguardian-api-1.1.1.jar;C:\Users\ala12\.m2\repository\io\cucumber\cucumber-testng\6.10.0\cucumber-testng-6.10.0.jar;C:\Users\ala12\.m2\repository\org\testng\testng\7.3.0\testng-7.3.0.jar;C:\Users\ala12\.m2\repository\com\beust\jcommander\1.78\jcommander-1.78.jar;C:\Users\ala12\.m2\repository\org\apache\ant\ant\1.10.3\ant-1.10.3.jar;C:\Users\ala12\.m2\repository\org\apache\ant\ant-launcher\1.10.3\ant-launcher-1.10.3.jar;C:\Users\ala12\.m2\repository\com\google\inject\guice\4.2.2\guice-4.2.2-no_aop.jar;C:\Users\ala12\.m2\repository\javax\inject\javax.inject\1\javax.inject-1.jar;C:\Users\ala12\.m2\repository\aopalliance\aopalliance\1.0\aopalliance-1.0.jar;C:\Users\ala12\.m2\repository\org\yaml\snakeyaml\1.21\snakeyaml-1.21.jar;C:\Users\ala12\.m2\repository\com\github\mkolisnyk\cucumber-runner\1.3.3\cucumber-runner-1.3.3.jar;C:\Users\ala12\.m2\repository\com\github\mkolisnyk\cucumber-report-generator\1.3.3\cucumber-report-generator-1.3.3.jar;C:\Users\ala12\.m2\repository\org\freemarker\freemarker\2.3.26-incubating\freemarker-2.3.26-incubating.jar;C:\Users\ala12\.m2\repository\xml-apis\xml-apis\1.4.01\xml-apis-1.4.01.jar;C:\Users\ala12\.m2\repository\batik\batik-transcoder\1.6-1\batik-transcoder-1.6-1.jar;C:\Users\ala12\.m2\repository\batik\batik-bridge\1.6-1\batik-bridge-1.6-1.jar;C:\Users\ala12\.m2\repository\batik\batik-gvt\1.6-1\batik-gvt-1.6-1.jar;C:\Users\ala12\.m2\repository\batik\batik-awt-util\1.6-1\batik-awt-util-1.6-1.jar;C:\Users\ala12\.m2\repository\batik\batik-util\1.6-1\batik-util-1.6-1.jar;C:\Users\ala12\.m2\repository\batik\batik-gui-util\1.6-1\batik-gui-util-1.6-1.jar;C:\Users\ala12\.m2\repository\batik\batik-ext\1.6-1\batik-ext-1.6-1.jar;C:\Users\ala12\.m2\repository\xml-apis\xmlParserAPIs\2.0.2\xmlParserAPIs-2.0.2.jar;C:\Users\ala12\.m2\repository\batik\batik-script\1.6-1\batik-script-1.6-1.jar;C:\Users\ala12\.m2\repository\rhino\js\1.5R4.1\js-1.5R4.1.jar;C:\Users\ala12\.m2\repository\batik\batik-svg-dom\1.6-1\batik-svg-dom-1.6-1.jar;C:\Users\ala12\.m2\repository\batik\batik-dom\1.6-1\batik-dom-1.6-1.jar;C:\Users\ala12\.m2\repository\batik\batik-css\1.6-1\batik-css-1.6-1.jar;C:\Users\ala12\.m2\repository\batik\batik-xml\1.6-1\batik-xml-1.6-1.jar;C:\Users\ala12\.m2\repository\xerces\xercesImpl\2.5.0\xercesImpl-2.5.0.jar;C:\Users\ala12\.m2\repository\batik\batik-parser\1.6-1\batik-parser-1.6-1.jar;C:\Users\ala12\.m2\repository\com\itextpdf\itextpdf\5.5.11\itextpdf-5.5.11.jar;C:\Users\ala12\.m2\repository\com\cedarsoftware\json-io\4.9.12\json-io-4.9.12.jar;C:\Users\ala12\.m2\repository\info\cukes\cucumber-junit\1.2.5\cucumber-junit-1.2.5.jar;C:\Users\ala12\.m2\repository\info\cukes\cucumber-core\1.2.5\cucumber-core-1.2.5.jar;C:\Users\ala12\.m2\repository\info\cukes\cucumber-html\0.2.3\cucumber-html-0.2.3.jar;C:\Users\ala12\.m2\repository\info\cukes\cucumber-jvm-deps\1.0.5\cucumber-jvm-deps-1.0.5.jar;C:\Users\ala12\.m2\repository\info\cukes\gherkin\2.12.2\gherkin-2.12.2.jar;C:\Users\ala12\.m2\repository\info\cukes\cucumber-testng\1.2.5\cucumber-testng-1.2.5.jar;C:\Users\ala12\.m2\repository\junit\junit\4.12\junit-4.12.jar;C:\Users\ala12\.m2\repository\org\hamcrest\hamcrest-core\1.3\hamcrest-core-1.3.jar;C:\Users\ala12\.m2\repository\org\xhtmlrenderer\flying-saucer-pdf\9.1.7\flying-saucer-pdf-9.1.7.jar;C:\Users\ala12\.m2\repository\com\lowagie\itext\2.1.7\itext-2.1.7.jar;C:\Users\ala12\.m2\repository\org\bouncycastle\bctsp-jdk14\1.38\bctsp-jdk14-1.38.jar;C:\Users\ala12\.m2\repository\org\xhtmlrenderer\flying-saucer-core\9.1.7\flying-saucer-core-9.1.7.jar;C:\Users\ala12\.m2\repository\org\apache\commons\commons-lang3\3.6\commons-lang3-3.6.jar;C:\Users\ala12\.m2\repository\commons-codec\commons-codec\1.10\commons-codec-1.10.jar;C:\Users\ala12\.m2\repository\org\javassist\javassist\3.22.0-CR2\javassist-3.22.0-CR2.jar;C:\Users\ala12\.m2\repository\joda-time\joda-time\2.9.9\joda-time-2.9.9.jar;C:\Users\ala12\.m2\repository\org\codehaus\plexus\plexus-utils\3.0.1\plexus-utils-3.0.1.jar;C:\Users\ala12\.m2\repository\org\apache\maven\maven-plugin-api\2.0\maven-plugin-api-2.0.jar;C:\Users\ala12\.m2\repository\org\apache\maven\reporting\maven-reporting-api\2.0.8\maven-reporting-api-2.0.8.jar;C:\Users\ala12\.m2\repository\org\apache\maven\doxia\doxia-sink-api\1.0-alpha-9\doxia-sink-api-1.0-alpha-9.jar;C:\Users\ala12\.m2\repository\org\apache\maven\reporting\maven-reporting-impl\2.0.4.3\maven-reporting-impl-2.0.4.3.jar;C:\Users\ala12\.m2\repository\org\apache\maven\maven-project\2.0.4\maven-project-2.0.4.jar;C:\Users\ala12\.m2\repository\org\apache\maven\maven-settings\2.0.4\maven-settings-2.0.4.jar;C:\Users\ala12\.m2\repository\org\apache\maven\maven-profile\2.0.4\maven-profile-2.0.4.jar;C:\Users\ala12\.m2\repository\org\apache\maven\maven-model\2.0.4\maven-model-2.0.4.jar;C:\Users\ala12\.m2\repository\org\apache\maven\maven-artifact-manager\2.0.4\maven-artifact-manager-2.0.4.jar;C:\Users\ala12\.m2\repository\org\apache\maven\maven-repository-metadata\2.0.4\maven-repository-metadata-2.0.4.jar;C:\Users\ala12\.m2\repository\org\apache\maven\wagon\wagon-provider-api\1.0-alpha-6\wagon-provider-api-1.0-alpha-6.jar;C:\Users\ala12\.m2\repository\org\apache\maven\maven-artifact\2.0.4\maven-artifact-2.0.4.jar;C:\Users\ala12\.m2\repository\org\codehaus\plexus\plexus-container-default\1.0-alpha-9\plexus-container-default-1.0-alpha-9.jar;C:\Users\ala12\.m2\repository\classworlds\classworlds\1.1-alpha-2\classworlds-1.1-alpha-2.jar;C:\Users\ala12\.m2\repository\org\apache\maven\doxia\doxia-core\1.0\doxia-core-1.0.jar;C:\Users\ala12\.m2\repository\org\apache\maven\doxia\doxia-site-renderer\1.0\doxia-site-renderer-1.0.jar;C:\Users\ala12\.m2\repository\org\codehaus\plexus\plexus-i18n\1.0-beta-7\plexus-i18n-1.0-beta-7.jar;C:\Users\ala12\.m2\repository\org\codehaus\plexus\plexus-velocity\1.1.7\plexus-velocity-1.1.7.jar;C:\Users\ala12\.m2\repository\org\apache\velocity\velocity\1.5\velocity-1.5.jar;C:\Users\ala12\.m2\repository\commons-lang\commons-lang\2.1\commons-lang-2.1.jar;C:\Users\ala12\.m2\repository\org\apache\maven\doxia\doxia-decoration-model\1.0\doxia-decoration-model-1.0.jar;C:\Users\ala12\.m2\repository\commons-collections\commons-collections\3.2\commons-collections-3.2.jar;C:\Users\ala12\.m2\repository\org\apache\maven\doxia\doxia-module-apt\1.0\doxia-module-apt-1.0.jar;C:\Users\ala12\.m2\repository\org\apache\maven\doxia\doxia-module-fml\1.0\doxia-module-fml-1.0.jar;C:\Users\ala12\.m2\repository\org\apache\maven\doxia\doxia-module-xdoc\1.0\doxia-module-xdoc-1.0.jar;C:\Users\ala12\.m2\repository\org\apache\maven\doxia\doxia-module-xhtml\1.0\doxia-module-xhtml-1.0.jar;C:\Users\ala12\.m2\repository\commons-validator\commons-validator\1.2.0\commons-validator-1.2.0.jar;C:\Users\ala12\.m2\repository\commons-beanutils\commons-beanutils\1.7.0\commons-beanutils-1.7.0.jar;C:\Users\ala12\.m2\repository\commons-digester\commons-digester\1.6\commons-digester-1.6.jar;C:\Users\ala12\.m2\repository\commons-logging\commons-logging\1.0.4\commons-logging-1.0.4.jar;C:\Users\ala12\.m2\repository\oro\oro\2.0.8\oro-2.0.8.jar;C:\Users\ala12\.m2\repository\org\apache\maven\shared\maven-doxia-tools\1.0.2\maven-doxia-tools-1.0.2.jar;C:\Users\ala12\.m2\repository\io\github\bonigarcia\webdrivermanager\4.4.1\webdrivermanager-4.4.1.jar;C:\Users\ala12\.m2\repository\org\slf4j\slf4j-api\1.7.30\slf4j-api-1.7.30.jar;C:\Users\ala12\.m2\repository\com\google\code\gson\gson\2.8.6\gson-2.8.6.jar;C:\Users\ala12\.m2\repository\org\apache\httpcomponents\client5\httpclient5\5.0.3\httpclient5-5.0.3.jar;C:\Users\ala12\.m2\repository\org\apache\httpcomponents\core5\httpcore5\5.0.2\httpcore5-5.0.2.jar;C:\Users\ala12\.m2\repository\org\apache\httpcomponents\core5\httpcore5-h2\5.0.2\httpcore5-h2-5.0.2.jar;C:\Users\ala12\.m2\repository\org\rauschig\jarchivelib\1.1.0\jarchivelib-1.1.0.jar;C:\Users\ala12\.m2\repository\org\apache\commons\commons-compress\1.20\commons-compress-1.20.jar;C:\Users\ala12\.m2\repository\org\jsoup\jsoup\1.13.1\jsoup-1.13.1.jar;C:\Users\ala12\.m2\repository\com\github\javafaker\javafaker\1.0.2\javafaker-1.0.2.jar;C:\Users\ala12\.m2\repository\org\yaml\snakeyaml\1.23\snakeyaml-1.23-android.jar;C:\Users\ala12\.m2\repository\com\github\mifmif\generex\1.0.2\generex-1.0.2.jar;C:\Users\ala12\.m2\repository\dk\brics\automaton\automaton\1.11-8\automaton-1.11-8.jar;C:\Users\ala12\.m2\repository\com\github\2captcha\2captcha-java\1.0\2captcha-java-1.0.jar;C:\Users\ala12\.m2\repository\com\squareup\okhttp3\okhttp\4.7.2\okhttp-4.7.2.jar;C:\Users\ala12\.m2\repository\com\squareup\okio\okio\2.6.0\okio-2.6.0.jar;C:\Users\ala12\.m2\repository\org\jetbrains\kotlin\kotlin-stdlib-common\1.3.70\kotlin-stdlib-common-1.3.70.jar;C:\Users\ala12\.m2\repository\org\jetbrains\kotlin\kotlin-stdlib\1.3.71\kotlin-stdlib-1.3.71.jar;C:\Users\ala12\.m2\repository\org\jetbrains\annotations\13.0\annotations-13.0.jar;C:\Users\ala12\.m2\repository\commons-io\commons-io\2.11.0\commons-io-2.11.0.jar;"/>
    <property name="java.vm.vendor" value="Oracle Corporation"/>
    <property name="sun.arch.data.model" value="64"/>
    <property name="user.variant" value=""/>
    <property name="java.vendor.url" value="http://java.oracle.com/"/>
    <property name="user.timezone" value="America/New_York"/>
    <property name="java.vm.specification.version" value="1.8"/>
    <property name="os.name" value="Windows 10"/>
    <property name="user.country" value="US"/>
    <property name="sun.java.launcher" value="SUN_STANDARD"/>
    <property name="sun.boot.library.path" value="C:\Program Files\Java\jdk1.8.0_291\jre\bin"/>
    <property name="sun.java.command" value="C:\Users\ala12\AppData\Local\Temp\surefire1476007502897104892\surefirebooter3360473765789264786.jar C:\Users\ala12\AppData\Local\Temp\surefire1476007502897104892 2021-09-26T17-08-19_952-jvmRun1 surefire1658166308629357093tmp surefire_05559777481984296681tmp"/>
    <property name="surefire.test.class.path" value="C:\Users\ala12\AutomationFramework\taltek\CucumberBDD2\target\test-classes;C:\Users\ala12\AutomationFramework\taltek\CucumberBDD2\target\classes;C:\Users\ala12\.m2\repository\org\seleniumhq\selenium\selenium-java\4.0.0-alpha-3\selenium-java-4.0.0-alpha-3.jar;C:\Users\ala12\.m2\repository\org\seleniumhq\selenium\selenium-api\4.0.0-alpha-3\selenium-api-4.0.0-alpha-3.jar;C:\Users\ala12\.m2\repository\org\seleniumhq\selenium\selenium-chrome-driver\4.0.0-alpha-3\selenium-chrome-driver-4.0.0-alpha-3.jar;C:\Users\ala12\.m2\repository\com\google\guava\guava\27.1-jre\guava-27.1-jre.jar;C:\Users\ala12\.m2\repository\com\google\guava\failureaccess\1.0.1\failureaccess-1.0.1.jar;C:\Users\ala12\.m2\repository\com\google\guava\listenablefuture\9999.0-empty-to-avoid-conflict-with-guava\listenablefuture-9999.0-empty-to-avoid-conflict-with-guava.jar;C:\Users\ala12\.m2\repository\com\google\code\findbugs\jsr305\3.0.2\jsr305-3.0.2.jar;C:\Users\ala12\.m2\repository\org\checkerframework\checker-qual\2.5.2\checker-qual-2.5.2.jar;C:\Users\ala12\.m2\repository\com\google\errorprone\error_prone_annotations\2.2.0\error_prone_annotations-2.2.0.jar;C:\Users\ala12\.m2\repository\com\google\j2objc\j2objc-annotations\1.1\j2objc-annotations-1.1.jar;C:\Users\ala12\.m2\repository\org\codehaus\mojo\animal-sniffer-annotations\1.17\animal-sniffer-annotations-1.17.jar;C:\Users\ala12\.m2\repository\org\seleniumhq\selenium\selenium-chromium-driver\4.0.0-alpha-3\selenium-chromium-driver-4.0.0-alpha-3.jar;C:\Users\ala12\.m2\repository\org\seleniumhq\selenium\selenium-devtools\4.0.0-alpha-3\selenium-devtools-4.0.0-alpha-3.jar;C:\Users\ala12\.m2\repository\org\seleniumhq\selenium\selenium-http\4.0.0-alpha-3\selenium-http-4.0.0-alpha-3.jar;C:\Users\ala12\.m2\repository\org\seleniumhq\selenium\selenium-json\4.0.0-alpha-3\selenium-json-4.0.0-alpha-3.jar;C:\Users\ala12\.m2\repository\org\seleniumhq\selenium\selenium-edge-driver\4.0.0-alpha-3\selenium-edge-driver-4.0.0-alpha-3.jar;C:\Users\ala12\.m2\repository\org\seleniumhq\selenium\selenium-edgehtml-driver\4.0.0-alpha-3\selenium-edgehtml-driver-4.0.0-alpha-3.jar;C:\Users\ala12\.m2\repository\org\seleniumhq\selenium\selenium-firefox-driver\4.0.0-alpha-3\selenium-firefox-driver-4.0.0-alpha-3.jar;C:\Users\ala12\.m2\repository\org\seleniumhq\selenium\selenium-firefox-xpi-driver\4.0.0-alpha-3\selenium-firefox-xpi-driver-4.0.0-alpha-3.jar;C:\Users\ala12\.m2\repository\org\seleniumhq\selenium\selenium-ie-driver\4.0.0-alpha-3\selenium-ie-driver-4.0.0-alpha-3.jar;C:\Users\ala12\.m2\repository\org\seleniumhq\selenium\selenium-opera-driver\4.0.0-alpha-3\selenium-opera-driver-4.0.0-alpha-3.jar;C:\Users\ala12\.m2\repository\org\seleniumhq\selenium\selenium-remote-driver\4.0.0-alpha-3\selenium-remote-driver-4.0.0-alpha-3.jar;C:\Users\ala12\.m2\repository\io\opentracing\opentracing-api\0.33.0\opentracing-api-0.33.0.jar;C:\Users\ala12\.m2\repository\net\bytebuddy\byte-buddy\1.9.12\byte-buddy-1.9.12.jar;C:\Users\ala12\.m2\repository\org\apache\commons\commons-exec\1.3\commons-exec-1.3.jar;C:\Users\ala12\.m2\repository\org\seleniumhq\selenium\selenium-safari-driver\4.0.0-alpha-3\selenium-safari-driver-4.0.0-alpha-3.jar;C:\Users\ala12\.m2\repository\org\seleniumhq\selenium\selenium-support\4.0.0-alpha-3\selenium-support-4.0.0-alpha-3.jar;C:\Users\ala12\.m2\repository\io\cucumber\cucumber-java\6.10.0\cucumber-java-6.10.0.jar;C:\Users\ala12\.m2\repository\io\cucumber\cucumber-core\6.10.0\cucumber-core-6.10.0.jar;C:\Users\ala12\.m2\repository\io\cucumber\cucumber-gherkin\6.10.0\cucumber-gherkin-6.10.0.jar;C:\Users\ala12\.m2\repository\io\cucumber\cucumber-gherkin-messages\6.10.0\cucumber-gherkin-messages-6.10.0.jar;C:\Users\ala12\.m2\repository\io\cucumber\messages\14.0.1\messages-14.0.1.jar;C:\Users\ala12\.m2\repository\io\cucumber\tag-expressions\3.0.0\tag-expressions-3.0.0.jar;C:\Users\ala12\.m2\repository\io\cucumber\cucumber-expressions\10.3.0\cucumber-expressions-10.3.0.jar;C:\Users\ala12\.m2\repository\io\cucumber\datatable\3.5.0\datatable-3.5.0.jar;C:\Users\ala12\.m2\repository\io\cucumber\cucumber-plugin\6.10.0\cucumber-plugin-6.10.0.jar;C:\Users\ala12\.m2\repository\io\cucumber\docstring\6.10.0\docstring-6.10.0.jar;C:\Users\ala12\.m2\repository\io\cucumber\html-formatter\12.0.0\html-formatter-12.0.0.jar;C:\Users\ala12\.m2\repository\io\cucumber\create-meta\3.0.0\create-meta-3.0.0.jar;C:\Users\ala12\.m2\repository\org\apiguardian\apiguardian-api\1.1.1\apiguardian-api-1.1.1.jar;C:\Users\ala12\.m2\repository\io\cucumber\cucumber-testng\6.10.0\cucumber-testng-6.10.0.jar;C:\Users\ala12\.m2\repository\org\testng\testng\7.3.0\testng-7.3.0.jar;C:\Users\ala12\.m2\repository\com\beust\jcommander\1.78\jcommander-1.78.jar;C:\Users\ala12\.m2\repository\org\apache\ant\ant\1.10.3\ant-1.10.3.jar;C:\Users\ala12\.m2\repository\org\apache\ant\ant-launcher\1.10.3\ant-launcher-1.10.3.jar;C:\Users\ala12\.m2\repository\com\google\inject\guice\4.2.2\guice-4.2.2-no_aop.jar;C:\Users\ala12\.m2\repository\javax\inject\javax.inject\1\javax.inject-1.jar;C:\Users\ala12\.m2\repository\aopalliance\aopalliance\1.0\aopalliance-1.0.jar;C:\Users\ala12\.m2\repository\org\yaml\snakeyaml\1.21\snakeyaml-1.21.jar;C:\Users\ala12\.m2\repository\com\github\mkolisnyk\cucumber-runner\1.3.3\cucumber-runner-1.3.3.jar;C:\Users\ala12\.m2\repository\com\github\mkolisnyk\cucumber-report-generator\1.3.3\cucumber-report-generator-1.3.3.jar;C:\Users\ala12\.m2\repository\org\freemarker\freemarker\2.3.26-incubating\freemarker-2.3.26-incubating.jar;C:\Users\ala12\.m2\repository\xml-apis\xml-apis\1.4.01\xml-apis-1.4.01.jar;C:\Users\ala12\.m2\repository\batik\batik-transcoder\1.6-1\batik-transcoder-1.6-1.jar;C:\Users\ala12\.m2\repository\batik\batik-bridge\1.6-1\batik-bridge-1.6-1.jar;C:\Users\ala12\.m2\repository\batik\batik-gvt\1.6-1\batik-gvt-1.6-1.jar;C:\Users\ala12\.m2\repository\batik\batik-awt-util\1.6-1\batik-awt-util-1.6-1.jar;C:\Users\ala12\.m2\repository\batik\batik-util\1.6-1\batik-util-1.6-1.jar;C:\Users\ala12\.m2\repository\batik\batik-gui-util\1.6-1\batik-gui-util-1.6-1.jar;C:\Users\ala12\.m2\repository\batik\batik-ext\1.6-1\batik-ext-1.6-1.jar;C:\Users\ala12\.m2\repository\xml-apis\xmlParserAPIs\2.0.2\xmlParserAPIs-2.0.2.jar;C:\Users\ala12\.m2\repository\batik\batik-script\1.6-1\batik-script-1.6-1.jar;C:\Users\ala12\.m2\repository\rhino\js\1.5R4.1\js-1.5R4.1.jar;C:\Users\ala12\.m2\repository\batik\batik-svg-dom\1.6-1\batik-svg-dom-1.6-1.jar;C:\Users\ala12\.m2\repository\batik\batik-dom\1.6-1\batik-dom-1.6-1.jar;C:\Users\ala12\.m2\repository\batik\batik-css\1.6-1\batik-css-1.6-1.jar;C:\Users\ala12\.m2\repository\batik\batik-xml\1.6-1\batik-xml-1.6-1.jar;C:\Users\ala12\.m2\repository\xerces\xercesImpl\2.5.0\xercesImpl-2.5.0.jar;C:\Users\ala12\.m2\repository\batik\batik-parser\1.6-1\batik-parser-1.6-1.jar;C:\Users\ala12\.m2\repository\com\itextpdf\itextpdf\5.5.11\itextpdf-5.5.11.jar;C:\Users\ala12\.m2\repository\com\cedarsoftware\json-io\4.9.12\json-io-4.9.12.jar;C:\Users\ala12\.m2\repository\info\cukes\cucumber-junit\1.2.5\cucumber-junit-1.2.5.jar;C:\Users\ala12\.m2\repository\info\cukes\cucumber-core\1.2.5\cucumber-core-1.2.5.jar;C:\Users\ala12\.m2\repository\info\cukes\cucumber-html\0.2.3\cucumber-html-0.2.3.jar;C:\Users\ala12\.m2\repository\info\cukes\cucumber-jvm-deps\1.0.5\cucumber-jvm-deps-1.0.5.jar;C:\Users\ala12\.m2\repository\info\cukes\gherkin\2.12.2\gherkin-2.12.2.jar;C:\Users\ala12\.m2\repository\info\cukes\cucumber-testng\1.2.5\cucumber-testng-1.2.5.jar;C:\Users\ala12\.m2\repository\junit\junit\4.12\junit-4.12.jar;C:\Users\ala12\.m2\repository\org\hamcrest\hamcrest-core\1.3\hamcrest-core-1.3.jar;C:\Users\ala12\.m2\repository\org\xhtmlrenderer\flying-saucer-pdf\9.1.7\flying-saucer-pdf-9.1.7.jar;C:\Users\ala12\.m2\repository\com\lowagie\itext\2.1.7\itext-2.1.7.jar;C:\Users\ala12\.m2\repository\org\bouncycastle\bctsp-jdk14\1.38\bctsp-jdk14-1.38.jar;C:\Users\ala12\.m2\repository\org\xhtmlrenderer\flying-saucer-core\9.1.7\flying-saucer-core-9.1.7.jar;C:\Users\ala12\.m2\repository\org\apache\commons\commons-lang3\3.6\commons-lang3-3.6.jar;C:\Users\ala12\.m2\repository\commons-codec\commons-codec\1.10\commons-codec-1.10.jar;C:\Users\ala12\.m2\repository\org\javassist\javassist\3.22.0-CR2\javassist-3.22.0-CR2.jar;C:\Users\ala12\.m2\repository\joda-time\joda-time\2.9.9\joda-time-2.9.9.jar;C:\Users\ala12\.m2\repository\org\codehaus\plexus\plexus-utils\3.0.1\plexus-utils-3.0.1.jar;C:\Users\ala12\.m2\repository\org\apache\maven\maven-plugin-api\2.0\maven-plugin-api-2.0.jar;C:\Users\ala12\.m2\repository\org\apache\maven\reporting\maven-reporting-api\2.0.8\maven-reporting-api-2.0.8.jar;C:\Users\ala12\.m2\repository\org\apache\maven\doxia\doxia-sink-api\1.0-alpha-9\doxia-sink-api-1.0-alpha-9.jar;C:\Users\ala12\.m2\repository\org\apache\maven\reporting\maven-reporting-impl\2.0.4.3\maven-reporting-impl-2.0.4.3.jar;C:\Users\ala12\.m2\repository\org\apache\maven\maven-project\2.0.4\maven-project-2.0.4.jar;C:\Users\ala12\.m2\repository\org\apache\maven\maven-settings\2.0.4\maven-settings-2.0.4.jar;C:\Users\ala12\.m2\repository\org\apache\maven\maven-profile\2.0.4\maven-profile-2.0.4.jar;C:\Users\ala12\.m2\repository\org\apache\maven\maven-model\2.0.4\maven-model-2.0.4.jar;C:\Users\ala12\.m2\repository\org\apache\maven\maven-artifact-manager\2.0.4\maven-artifact-manager-2.0.4.jar;C:\Users\ala12\.m2\repository\org\apache\maven\maven-repository-metadata\2.0.4\maven-repository-metadata-2.0.4.jar;C:\Users\ala12\.m2\repository\org\apache\maven\wagon\wagon-provider-api\1.0-alpha-6\wagon-provider-api-1.0-alpha-6.jar;C:\Users\ala12\.m2\repository\org\apache\maven\maven-artifact\2.0.4\maven-artifact-2.0.4.jar;C:\Users\ala12\.m2\repository\org\codehaus\plexus\plexus-container-default\1.0-alpha-9\plexus-container-default-1.0-alpha-9.jar;C:\Users\ala12\.m2\repository\classworlds\classworlds\1.1-alpha-2\classworlds-1.1-alpha-2.jar;C:\Users\ala12\.m2\repository\org\apache\maven\doxia\doxia-core\1.0\doxia-core-1.0.jar;C:\Users\ala12\.m2\repository\org\apache\maven\doxia\doxia-site-renderer\1.0\doxia-site-renderer-1.0.jar;C:\Users\ala12\.m2\repository\org\codehaus\plexus\plexus-i18n\1.0-beta-7\plexus-i18n-1.0-beta-7.jar;C:\Users\ala12\.m2\repository\org\codehaus\plexus\plexus-velocity\1.1.7\plexus-velocity-1.1.7.jar;C:\Users\ala12\.m2\repository\org\apache\velocity\velocity\1.5\velocity-1.5.jar;C:\Users\ala12\.m2\repository\commons-lang\commons-lang\2.1\commons-lang-2.1.jar;C:\Users\ala12\.m2\repository\org\apache\maven\doxia\doxia-decoration-model\1.0\doxia-decoration-model-1.0.jar;C:\Users\ala12\.m2\repository\commons-collections\commons-collections\3.2\commons-collections-3.2.jar;C:\Users\ala12\.m2\repository\org\apache\maven\doxia\doxia-module-apt\1.0\doxia-module-apt-1.0.jar;C:\Users\ala12\.m2\repository\org\apache\maven\doxia\doxia-module-fml\1.0\doxia-module-fml-1.0.jar;C:\Users\ala12\.m2\repository\org\apache\maven\doxia\doxia-module-xdoc\1.0\doxia-module-xdoc-1.0.jar;C:\Users\ala12\.m2\repository\org\apache\maven\doxia\doxia-module-xhtml\1.0\doxia-module-xhtml-1.0.jar;C:\Users\ala12\.m2\repository\commons-validator\commons-validator\1.2.0\commons-validator-1.2.0.jar;C:\Users\ala12\.m2\repository\commons-beanutils\commons-beanutils\1.7.0\commons-beanutils-1.7.0.jar;C:\Users\ala12\.m2\repository\commons-digester\commons-digester\1.6\commons-digester-1.6.jar;C:\Users\ala12\.m2\repository\commons-logging\commons-logging\1.0.4\commons-logging-1.0.4.jar;C:\Users\ala12\.m2\repository\oro\oro\2.0.8\oro-2.0.8.jar;C:\Users\ala12\.m2\repository\org\apache\maven\shared\maven-doxia-tools\1.0.2\maven-doxia-tools-1.0.2.jar;C:\Users\ala12\.m2\repository\io\github\bonigarcia\webdrivermanager\4.4.1\webdrivermanager-4.4.1.jar;C:\Users\ala12\.m2\repository\org\slf4j\slf4j-api\1.7.30\slf4j-api-1.7.30.jar;C:\Users\ala12\.m2\repository\com\google\code\gson\gson\2.8.6\gson-2.8.6.jar;C:\Users\ala12\.m2\repository\org\apache\httpcomponents\client5\httpclient5\5.0.3\httpclient5-5.0.3.jar;C:\Users\ala12\.m2\repository\org\apache\httpcomponents\core5\httpcore5\5.0.2\httpcore5-5.0.2.jar;C:\Users\ala12\.m2\repository\org\apache\httpcomponents\core5\httpcore5-h2\5.0.2\httpcore5-h2-5.0.2.jar;C:\Users\ala12\.m2\repository\org\rauschig\jarchivelib\1.1.0\jarchivelib-1.1.0.jar;C:\Users\ala12\.m2\repository\org\apache\commons\commons-compress\1.20\commons-compress-1.20.jar;C:\Users\ala12\.m2\repository\org\jsoup\jsoup\1.13.1\jsoup-1.13.1.jar;C:\Users\ala12\.m2\repository\com\github\javafaker\javafaker\1.0.2\javafaker-1.0.2.jar;C:\Users\ala12\.m2\repository\org\yaml\snakeyaml\1.23\snakeyaml-1.23-android.jar;C:\Users\ala12\.m2\repository\com\github\mifmif\generex\1.0.2\generex-1.0.2.jar;C:\Users\ala12\.m2\repository\dk\brics\automaton\automaton\1.11-8\automaton-1.11-8.jar;C:\Users\ala12\.m2\repository\com\github\2captcha\2captcha-java\1.0\2captcha-java-1.0.jar;C:\Users\ala12\.m2\repository\com\squareup\okhttp3\okhttp\4.7.2\okhttp-4.7.2.jar;C:\Users\ala12\.m2\repository\com\squareup\okio\okio\2.6.0\okio-2.6.0.jar;C:\Users\ala12\.m2\repository\org\jetbrains\kotlin\kotlin-stdlib-common\1.3.70\kotlin-stdlib-common-1.3.70.jar;C:\Users\ala12\.m2\repository\org\jetbrains\kotlin\kotlin-stdlib\1.3.71\kotlin-stdlib-1.3.71.jar;C:\Users\ala12\.m2\repository\org\jetbrains\annotations\13.0\annotations-13.0.jar;C:\Users\ala12\.m2\repository\commons-io\commons-io\2.11.0\commons-io-2.11.0.jar;"/>
    <property name="sun.cpu.endian" value="little"/>
    <property name="user.home" value="C:\Users\ala12"/>
    <property name="user.language" value="en"/>
    <property name="java.specification.vendor" value="Oracle Corporation"/>
    <property name="java.home" value="C:\Program Files\Java\jdk1.8.0_291\jre"/>
    <property name="basedir" value="C:\Users\ala12\AutomationFramework\taltek\CucumberBDD2"/>
    <property name="file.separator" value="\"/>
    <property name="line.separator" value="&#10;"/>
    <property name="java.vm.specification.vendor" value="Oracle Corporation"/>
    <property name="java.specification.name" value="Java Platform API Specification"/>
    <property name="java.awt.graphicsenv" value="sun.awt.Win32GraphicsEnvironment"/>
    <property name="surefire.real.class.path" value="C:\Users\ala12\AppData\Local\Temp\surefire1476007502897104892\surefirebooter3360473765789264786.jar"/>
    <property name="sun.boot.class.path" value="C:\Program Files\Java\jdk1.8.0_291\jre\lib\resources.jar;C:\Program Files\Java\jdk1.8.0_291\jre\lib\rt.jar;C:\Program Files\Java\jdk1.8.0_291\jre\lib\sunrsasign.jar;C:\Program Files\Java\jdk1.8.0_291\jre\lib\jsse.jar;C:\Program Files\Java\jdk1.8.0_291\jre\lib\jce.jar;C:\Program Files\Java\jdk1.8.0_291\jre\lib\charsets.jar;C:\Program Files\Java\jdk1.8.0_291\jre\lib\jfr.jar;C:\Program Files\Java\jdk1.8.0_291\jre\classes"/>
    <property name="user.script" value=""/>
    <property name="sun.management.compiler" value="HotSpot 64-Bit Tiered Compilers"/>
    <property name="java.runtime.version" value="1.8.0_291-b10"/>
    <property name="user.name" value="ala12"/>
    <property name="path.separator" value=";"/>
    <property name="os.version" value="10.0"/>
    <property name="java.endorsed.dirs" value="C:\Program Files\Java\jdk1.8.0_291\jre\lib\endorsed"/>
    <property name="java.runtime.name" value="Java(TM) SE Runtime Environment"/>
    <property name="file.encoding" value="Cp1252"/>
    <property name="java.vm.name" value="Java HotSpot(TM) 64-Bit Server VM"/>
    <property name="localRepository" value="C:\Users\ala12\.m2\repository"/>
    <property name="java.vendor.url.bug" value="http://bugreport.sun.com/bugreport/"/>
    <property name="java.io.tmpdir" value="C:\Users\ala12\AppData\Local\Temp\"/>
    <property name="java.version" value="1.8.0_291"/>
    <property name="user.dir" value="C:\Users\ala12\AutomationFramework\taltek\CucumberBDD2"/>
    <property name="os.arch" value="amd64"/>
    <property name="java.vm.specification.name" value="Java Virtual Machine Specification"/>
    <property name="java.awt.printerjob" value="sun.awt.windows.WPrinterJob"/>
    <property name="sun.os.patch.level" value=""/>
    <property name="java.library.path" value="C:\Program Files\Java\jdk1.8.0_291\jre\bin;C:\WINDOWS\Sun\Java\bin;C:\WINDOWS\system32;C:\WINDOWS;C:\Python38\Scripts\;C:\Python38\;C:\WINDOWS\system32;C:\WINDOWS;C:\WINDOWS\System32\Wbem;C:\WINDOWS\System32\WindowsPowerShell\v1.0\;C:\WINDOWS\System32\OpenSSH\;C:\Program Files\Java\jdk1.8.0_291\bin;C:\Program Files\Git\cmd;C:\ProgramData\chocolatey\bin;C:\Program Files\PostgreSQL\10\bin;C:\Program Files\Maven\apache-maven-3.8.1\bin;C:\Program Files (x86)\;C:\Program Files\MySQL\MySQL Shell 8.0\bin\;C:\Users\ala12\eclipse\java-latest-released\eclipse\jdk-11.0.8\bin;C:\Users\ala12\AppData\Local\Programs\Microsoft VS Code\bin;C:\Program Files\heroku\bin;C:\Users\ala12\AppData\Roaming\npm;."/>
    <property name="java.vm.info" value="mixed mode"/>
    <property name="java.vendor" value="Oracle Corporation"/>
    <property name="java.vm.version" value="25.291-b10"/>
    <property name="java.ext.dirs" value="C:\Program Files\Java\jdk1.8.0_291\jre\lib\ext;C:\WINDOWS\Sun\Java\lib\ext"/>
    <property name="sun.io.unicode.encoding" value="UnicodeLittle"/>
    <property name="java.class.version" value="52.0"/>
  </properties>
  <testcase name="runScenario[&quot;User should be able to sign up with valid email address and sign in using the newly created studentID&quot;, &quot;Optional[Talentek Sign up feature test suite]&quot;](1)" classname="TestRunner" time="31.268">
    <failure message="no such window: target window already closed&#10;from unknown error: web view not found&#10;  (Session info: chrome=93.0.4577.82)&#10;Build info: version: &apos;4.0.0-alpha-3&apos;, revision: &apos;8c567de6dc&apos;&#10;System info: host: &apos;DESKTOP-3MLRAML&apos;, ip: &apos;192.168.1.242&apos;, os.name: &apos;Windows 10&apos;, os.arch: &apos;amd64&apos;, os.version: &apos;10.0&apos;, java.version: &apos;1.8.0_291&apos;&#10;Driver info: org.openqa.selenium.chrome.ChromeDriver&#10;Capabilities {acceptInsecureCerts: false, browserName: chrome, browserVersion: 93.0.4577.82, chrome: {chromedriverVersion: 93.0.4577.63 (ff5c0da2ec0ad..., userDataDir: C:\Users\ala12\AppData\Loca...}, goog:chromeOptions: {debuggerAddress: localhost:60951}, javascriptEnabled: true, networkConnectionEnabled: false, pageLoadStrategy: normal, platform: WINDOWS, platformName: WINDOWS, proxy: Proxy(), setWindowRect: true, strictFileInteractability: false, timeouts: {implicit: 0, pageLoad: 300000, script: 30000}, unhandledPromptBehavior: dismiss and notify, webauthn:extension:credBlob: true, webauthn:extension:largeBlob: true, webauthn:virtualAuthenticators: true}&#10;Session ID: 67217292cfac0add722470cd7d81b827&#10;*** Element info: {Using=name, value=agree}" type="org.openqa.selenium.NoSuchWindowException"><![CDATA[org.openqa.selenium.NoSuchWindowException: 
no such window: target window already closed
from unknown error: web view not found
  (Session info: chrome=93.0.4577.82)
Build info: version: '4.0.0-alpha-3', revision: '8c567de6dc'
System info: host: 'DESKTOP-3MLRAML', ip: '192.168.1.242', os.name: 'Windows 10', os.arch: 'amd64', os.version: '10.0', java.version: '1.8.0_291'
Driver info: org.openqa.selenium.chrome.ChromeDriver
Capabilities {acceptInsecureCerts: false, browserName: chrome, browserVersion: 93.0.4577.82, chrome: {chromedriverVersion: 93.0.4577.63 (ff5c0da2ec0ad..., userDataDir: C:\Users\ala12\AppData\Loca...}, goog:chromeOptions: {debuggerAddress: localhost:60951}, javascriptEnabled: true, networkConnectionEnabled: false, pageLoadStrategy: normal, platform: WINDOWS, platformName: WINDOWS, proxy: Proxy(), setWindowRect: true, strictFileInteractability: false, timeouts: {implicit: 0, pageLoad: 300000, script: 30000}, unhandledPromptBehavior: dismiss and notify, webauthn:extension:credBlob: true, webauthn:extension:largeBlob: true, webauthn:virtualAuthenticators: true}
Session ID: 67217292cfac0add722470cd7d81b827
*** Element info: {Using=name, value=agree}
]]></failure>
    <system-err><![CDATA[SLF4J: Failed to load class "org.slf4j.impl.StaticLoggerBinder".
SLF4J: Defaulting to no-operation (NOP) logger implementation
SLF4J: See http://www.slf4j.org/codes.html#StaticLoggerBinder for further details.
Starting ChromeDriver 93.0.4577.63 (ff5c0da2ec0adeaed5550e6c7e98417dac77d98a-refs/branch-heads/4577@{#1135}) on port 30508
Only local connections are allowed.
Please see https://chromedriver.chromium.org/security-considerations for suggestions on keeping ChromeDriver safe.
ChromeDriver was started successfully.
Sep 26, 2021 5:08:29 PM org.openqa.selenium.remote.ProtocolHandshake createSession
INFO: Detected dialect: W3C
]]></system-err>
  </testcase>
</testsuite>