<?xml version="1.0" encoding="UTF-8"?>
<!-- Generated by org.testng.reporters.JUnitReportReporter -->
<testsuite skipped="0" hostname="DESKTOP-3MLRAML" name="TestRunner" tests="2" failures="0" timestamp="2021-09-13T14:35:20 EDT" time="29.976" errors="0">
  <testcase name="runScenario" time="12.020" classname="TestRunner"/>
  <system-out/>
  <testcase name="runScenario" time="17.956" classname="TestRunner"/>
  <system-out/>
</testsuite> <!-- TestRunner -->
