<?xml version="1.0" encoding="UTF-8"?>
<!-- Generated by org.testng.reporters.JUnitReportReporter -->
<testsuite skipped="0" hostname="DESKTOP-3MLRAML" name="TestRunner" tests="2" failures="0" timestamp="2021-09-12T19:45:21 EDT" time="21.911" errors="0">
  <testcase name="runScenario" time="8.660" classname="TestRunner"/>
  <system-out/>
  <testcase name="runScenario" time="13.251" classname="TestRunner"/>
  <system-out/>
</testsuite> <!-- TestRunner -->
