<?xml version="1.0" encoding="UTF-8"?>
<!-- Generated by org.testng.reporters.JUnitReportReporter -->
<testsuite skipped="0" hostname="DESKTOP-3MLRAML" name="TestRunner" tests="1" failures="0" timestamp="2021-09-20T14:51:51 EDT" time="24.012" errors="0">
  <testcase name="runScenario" time="24.012" classname="TestRunner"/>
  <system-out/>
</testsuite> <!-- TestRunner -->
