<?xml version="1.0" encoding="UTF-8"?>
<!-- Generated by org.testng.reporters.JUnitReportReporter -->
<testsuite skipped="0" hostname="DESKTOP-3MLRAML" name="TestRunner" tests="1" failures="0" timestamp="2021-09-12T18:23:47 EDT" time="17.488" errors="0">
  <testcase name="runScenario" time="17.488" classname="TestRunner"/>
  <system-out/>
</testsuite> <!-- TestRunner -->
