<?xml version="1.0" encoding="UTF-8"?>
<!-- Generated by org.testng.reporters.JUnitReportReporter -->
<testsuite skipped="0" hostname="DESKTOP-3MLRAML" name="TestRunner" tests="3" failures="0" timestamp="2021-09-19T20:07:31 EDT" time="36.047" errors="0">
  <testcase name="runScenario" time="10.249" classname="TestRunner"/>
  <system-out/>
  <testcase name="runScenario" time="17.191" classname="TestRunner"/>
  <system-out/>
  <testcase name="runScenario" time="8.607" classname="TestRunner"/>
  <system-out/>
</testsuite> <!-- TestRunner -->
