<?xml version="1.0" encoding="UTF-8"?>
<!-- Generated by org.testng.reporters.JUnitReportReporter -->
<testsuite skipped="0" hostname="DESKTOP-3MLRAML" name="TestRunner" tests="2" failures="0" timestamp="2021-09-12T20:11:05 EDT" time="30.941" errors="0">
  <testcase name="runScenario" time="9.546" classname="TestRunner"/>
  <system-out/>
  <testcase name="runScenario" time="21.395" classname="TestRunner"/>
  <system-out/>
</testsuite> <!-- TestRunner -->
