<?xml version="1.0" encoding="UTF-8"?>
<!-- Generated by org.testng.reporters.JUnitReportReporter -->
<testsuite skipped="0" hostname="DESKTOP-3MLRAML" name="TestRunner" tests="2" failures="0" timestamp="2021-09-06T09:48:20 EDT" time="25.932" errors="0">
  <testcase name="runScenario" time="3.935" classname="TestRunner"/>
  <system-out/>
  <testcase name="runScenario" time="21.997" classname="TestRunner"/>
  <system-out/>
</testsuite> <!-- TestRunner -->
