<?xml version="1.0" encoding="UTF-8"?>
<!-- Generated by org.testng.reporters.JUnitReportReporter -->
<testsuite skipped="0" hostname="DESKTOP-3MLRAML" name="TestRunner" tests="1" failures="0" timestamp="2021-09-21T10:57:52 EDT" time="56.103" errors="0">
  <testcase name="runScenario" time="56.103" classname="TestRunner"/>
  <system-out/>
</testsuite> <!-- TestRunner -->
